[6133 - Suricata-Main] 2024-09-27 14:16:23 Notice: suricata: This is Suricata version 7.0.6 RELEASE running in SYSTEM mode
[6133 - Suricata-Main] 2024-09-27 14:16:23 Info: cpu: CPUs/cores online: 1
[6133 - Suricata-Main] 2024-09-27 14:16:23 Config: device: Adding interface enp0s1 from config file
[6133 - Suricata-Main] 2024-09-27 14:16:23 Config: luajit: luajit states preallocated: 128
[6133 - Suricata-Main] 2024-09-27 14:16:23 Info: mpm: SSSE3 support not detected, disabling Hyperscan for MPM
[6133 - Suricata-Main] 2024-09-27 14:16:23 Info: suricata: Setting engine mode to IDS mode by default
[6133 - Suricata-Main] 2024-09-27 14:16:23 Info: exception-policy: master exception-policy set to: auto
[6133 - Suricata-Main] 2024-09-27 14:16:23 Info: spm: SSSE3 support not detected, disabling Hyperscan for SPM
[6133 - Suricata-Main] 2024-09-27 14:16:23 Config: exception-policy: app-layer.error-policy: ignore (defined via 'exception-policy' master switch)
[6133 - Suricata-Main] 2024-09-27 14:16:23 Config: app-layer-htp: 'default' server has 'request-body-minimal-inspect-size' set to 31427 and 'request-body-inspect-window' set to 3969 after randomization.
[6133 - Suricata-Main] 2024-09-27 14:16:23 Config: app-layer-htp: 'default' server has 'response-body-minimal-inspect-size' set to 40290 and 'response-body-inspect-window' set to 16405 after randomization.
[6133 - Suricata-Main] 2024-09-27 14:16:23 Config: smb: read: max record size: 16777216, max queued chunks 64, max queued size 67108864
[6133 - Suricata-Main] 2024-09-27 14:16:23 Config: smb: write: max record size: 16777216, max queued chunks 64, max queued size 67108864
[6133 - Suricata-Main] 2024-09-27 14:16:23 Config: app-layer-enip: Protocol detection and parser disabled for enip protocol.
[6133 - Suricata-Main] 2024-09-27 14:16:23 Config: app-layer-dnp3: Protocol detection and parser disabled for DNP3.
[6133 - Suricata-Main] 2024-09-27 14:16:23 Info: ioctl: enp0s1: MTU 1500
[6135 - Suricata-Main] 2024-09-27 14:16:23 Config: host: allocated 262144 bytes of memory for the host hash... 4096 buckets of size 64
[6135 - Suricata-Main] 2024-09-27 14:16:23 Config: host: preallocated 1000 hosts of size 136
[6135 - Suricata-Main] 2024-09-27 14:16:23 Config: host: host memory usage: 398144 bytes, maximum: 33554432
[6135 - Suricata-Main] 2024-09-27 14:16:23 Config: coredump-config: Core dump size set to unlimited.
[6135 - Suricata-Main] 2024-09-27 14:16:23 Config: exception-policy: defrag.memcap-policy: ignore (defined via 'exception-policy' master switch)
[6135 - Suricata-Main] 2024-09-27 14:16:23 Config: defrag-hash: allocated 3670016 bytes of memory for the defrag hash... 65536 buckets of size 56
[6135 - Suricata-Main] 2024-09-27 14:16:23 Config: defrag-hash: preallocated 65535 defrag trackers of size 160
[6135 - Suricata-Main] 2024-09-27 14:16:23 Config: defrag-hash: defrag memory usage: 14155616 bytes, maximum: 33554432
[6135 - Suricata-Main] 2024-09-27 14:16:23 Config: exception-policy: flow.memcap-policy: ignore (defined via 'exception-policy' master switch)
[6135 - Suricata-Main] 2024-09-27 14:16:23 Config: flow: flow size 296, memcap allows for 453438 flows. Per hash row in perfect conditions 6
[6135 - Suricata-Main] 2024-09-27 14:16:23 Config: stream-tcp: stream "prealloc-sessions": 2048 (per thread)
[6135 - Suricata-Main] 2024-09-27 14:16:23 Config: stream-tcp: stream "memcap": 67108864
[6135 - Suricata-Main] 2024-09-27 14:16:23 Config: stream-tcp: stream "midstream" session pickups: disabled
[6135 - Suricata-Main] 2024-09-27 14:16:23 Config: stream-tcp: stream "async-oneside": disabled
[6135 - Suricata-Main] 2024-09-27 14:16:23 Config: stream-tcp: stream "checksum-validation": enabled
[6135 - Suricata-Main] 2024-09-27 14:16:23 Config: exception-policy: stream.memcap-policy: ignore (defined via 'exception-policy' master switch)
[6135 - Suricata-Main] 2024-09-27 14:16:23 Config: exception-policy: stream.reassembly.memcap-policy: ignore (defined via 'exception-policy' master switch)
[6135 - Suricata-Main] 2024-09-27 14:16:23 Config: exception-policy: stream.midstream-policy: ignore (defined via 'exception-policy' master switch)
[6135 - Suricata-Main] 2024-09-27 14:16:23 Config: stream-tcp: stream."inline": disabled
[6135 - Suricata-Main] 2024-09-27 14:16:23 Config: stream-tcp: stream "bypass": disabled
[6135 - Suricata-Main] 2024-09-27 14:16:23 Config: stream-tcp: stream "max-syn-queued": 10
[6135 - Suricata-Main] 2024-09-27 14:16:23 Config: stream-tcp: stream "max-synack-queued": 5
[6135 - Suricata-Main] 2024-09-27 14:16:23 Config: stream-tcp: stream.reassembly "memcap": 268435456
[6135 - Suricata-Main] 2024-09-27 14:16:23 Config: stream-tcp: stream.reassembly "depth": 1048576
[6135 - Suricata-Main] 2024-09-27 14:16:23 Config: stream-tcp: stream.reassembly "toserver-chunk-size": 2598
[6135 - Suricata-Main] 2024-09-27 14:16:23 Config: stream-tcp: stream.reassembly "toclient-chunk-size": 2442
[6135 - Suricata-Main] 2024-09-27 14:16:23 Config: stream-tcp: stream.reassembly.raw: enabled
[6135 - Suricata-Main] 2024-09-27 14:16:23 Config: stream-tcp: stream.liberal-timestamps: disabled
[6135 - Suricata-Main] 2024-09-27 14:16:23 Config: stream-tcp-reassemble: stream.reassembly "segment-prealloc": 2048
[6135 - Suricata-Main] 2024-09-27 14:16:23 Config: stream-tcp-reassemble: stream.reassembly "max-regions": 8
[6135 - Suricata-Main] 2024-09-27 14:16:23 Info: conf: Running in live mode, activating unix socket
[6135 - Suricata-Main] 2024-09-27 14:16:23 Info: logopenfile: fast output device (regular) initialized: fast.log
[6135 - Suricata-Main] 2024-09-27 14:16:23 Info: logopenfile: eve-log output device (regular) initialized: eve.json
[6135 - Suricata-Main] 2024-09-27 14:16:23 Config: runmodes: enabling 'eve-log' module 'alert'
[6135 - Suricata-Main] 2024-09-27 14:16:23 Config: runmodes: enabling 'eve-log' module 'frame'
[6135 - Suricata-Main] 2024-09-27 14:16:23 Config: runmodes: enabling 'eve-log' module 'anomaly'
[6135 - Suricata-Main] 2024-09-27 14:16:23 Config: runmodes: enabling 'eve-log' module 'http'
[6135 - Suricata-Main] 2024-09-27 14:16:23 Config: runmodes: enabling 'eve-log' module 'dns'
[6135 - Suricata-Main] 2024-09-27 14:16:23 Config: runmodes: enabling 'eve-log' module 'tls'
[6135 - Suricata-Main] 2024-09-27 14:16:23 Config: runmodes: enabling 'eve-log' module 'files'
[6135 - Suricata-Main] 2024-09-27 14:16:23 Config: runmodes: enabling 'eve-log' module 'smtp'
[6135 - Suricata-Main] 2024-09-27 14:16:23 Config: runmodes: enabling 'eve-log' module 'ftp'
[6135 - Suricata-Main] 2024-09-27 14:16:23 Config: runmodes: enabling 'eve-log' module 'rdp'
[6135 - Suricata-Main] 2024-09-27 14:16:23 Config: runmodes: enabling 'eve-log' module 'nfs'
[6135 - Suricata-Main] 2024-09-27 14:16:23 Config: runmodes: enabling 'eve-log' module 'smb'
[6135 - Suricata-Main] 2024-09-27 14:16:23 Config: runmodes: enabling 'eve-log' module 'tftp'
[6135 - Suricata-Main] 2024-09-27 14:16:23 Config: runmodes: enabling 'eve-log' module 'ike'
[6135 - Suricata-Main] 2024-09-27 14:16:23 Config: runmodes: enabling 'eve-log' module 'dcerpc'
[6135 - Suricata-Main] 2024-09-27 14:16:23 Config: runmodes: enabling 'eve-log' module 'krb5'
[6135 - Suricata-Main] 2024-09-27 14:16:23 Config: runmodes: enabling 'eve-log' module 'bittorrent-dht'
[6135 - Suricata-Main] 2024-09-27 14:16:23 Config: runmodes: enabling 'eve-log' module 'snmp'
[6135 - Suricata-Main] 2024-09-27 14:16:23 Config: runmodes: enabling 'eve-log' module 'rfb'
[6135 - Suricata-Main] 2024-09-27 14:16:23 Config: runmodes: enabling 'eve-log' module 'sip'
[6135 - Suricata-Main] 2024-09-27 14:16:23 Config: runmodes: enabling 'eve-log' module 'quic'
[6135 - Suricata-Main] 2024-09-27 14:16:23 Config: runmodes: enabling 'eve-log' module 'dhcp'
[6135 - Suricata-Main] 2024-09-27 14:16:23 Config: runmodes: enabling 'eve-log' module 'ssh'
[6135 - Suricata-Main] 2024-09-27 14:16:23 Config: runmodes: enabling 'eve-log' module 'mqtt'
[6135 - Suricata-Main] 2024-09-27 14:16:23 Config: runmodes: enabling 'eve-log' module 'http2'
[6135 - Suricata-Main] 2024-09-27 14:16:23 Config: runmodes: enabling 'eve-log' module 'pgsql'
[6135 - Suricata-Main] 2024-09-27 14:16:23 Config: runmodes: enabling 'eve-log' module 'stats'
[6135 - Suricata-Main] 2024-09-27 14:16:23 Config: runmodes: enabling 'eve-log' module 'flow'
[6135 - Suricata-Main] 2024-09-27 14:16:23 Info: logopenfile: http-log output device (regular) initialized: http.log
[6135 - Suricata-Main] 2024-09-27 14:16:23 Info: logopenfile: tls-log output device (regular) initialized: tls.log
[6135 - Suricata-Main] 2024-09-27 14:16:23 Info: log-tlsstore: storing certs in /var/log/suricata/
[6135 - Suricata-Main] 2024-09-27 14:16:23 Info: logopenfile: stats output device (regular) initialized: stats.log
[6135 - Suricata-Main] 2024-09-27 14:16:23 Config: landlock: Landlock is not enabled in configuration
[6135 - Suricata-Main] 2024-09-27 14:16:23 Config: suricata: Delayed detect disabled
[6135 - Suricata-Main] 2024-09-27 14:16:23 Info: spm: SSSE3 support not detected, disabling Hyperscan for SPM
[6135 - Suricata-Main] 2024-09-27 14:16:23 Config: detect: pattern matchers: MPM: ac, SPM: bm
[6135 - Suricata-Main] 2024-09-27 14:16:23 Config: detect: grouping: tcp-whitelist (default) 53, 80, 139, 443, 445, 1433, 3306, 3389, 6666, 6667, 8080
[6135 - Suricata-Main] 2024-09-27 14:16:23 Config: detect: grouping: udp-whitelist (default) 53, 135, 5060
[6135 - Suricata-Main] 2024-09-27 14:16:23 Config: detect: prefilter engines: MPM
[6135 - Suricata-Main] 2024-09-27 14:16:23 Config: reputation: IP reputation disabled
[6135 - Suricata-Main] 2024-09-27 14:16:23 Config: detect: Loading rule file: /var/lib/suricata/rules/suricata.rules
[6135 - Suricata-Main] 2024-09-27 14:16:31 Info: detect: 1 rule files processed. 39791 rules successfully loaded, 0 rules failed, 0
[6135 - Suricata-Main] 2024-09-27 14:16:31 Info: threshold-config: Threshold config parsed: 0 rule(s) found
[6135 - Suricata-Main] 2024-09-27 14:16:31 Info: detect: 39794 signatures processed. 1159 are IP-only rules, 4116 are inspecting packet payload, 34309 inspect application layer, 108 are decoder event only
[6135 - Suricata-Main] 2024-09-27 14:16:31 Config: detect: building signature grouping structure, stage 1: preprocessing rules... complete
[6135 - Suricata-Main] 2024-09-27 14:16:31 Perf: detect: TCP toserver: 41 port groups, 40 unique SGH's, 1 copies
[6135 - Suricata-Main] 2024-09-27 14:16:31 Perf: detect: TCP toclient: 21 port groups, 21 unique SGH's, 0 copies
[6135 - Suricata-Main] 2024-09-27 14:16:31 Perf: detect: UDP toserver: 41 port groups, 41 unique SGH's, 0 copies
[6135 - Suricata-Main] 2024-09-27 14:16:31 Perf: detect: UDP toclient: 21 port groups, 17 unique SGH's, 4 copies
[6135 - Suricata-Main] 2024-09-27 14:16:32 Perf: detect: OTHER toserver: 254 proto groups, 4 unique SGH's, 250 copies
[6135 - Suricata-Main] 2024-09-27 14:16:32 Perf: detect: OTHER toclient: 254 proto groups, 0 unique SGH's, 254 copies
[6135 - Suricata-Main] 2024-09-27 14:16:32 Perf: detect: Unique rule groups: 123
[6135 - Suricata-Main] 2024-09-27 14:16:32 Perf: detect: Builtin MPM "toserver TCP packet": 30
[6135 - Suricata-Main] 2024-09-27 14:16:32 Perf: detect: Builtin MPM "toclient TCP packet": 20
[6135 - Suricata-Main] 2024-09-27 14:16:32 Perf: detect: Builtin MPM "toserver TCP stream": 33
[6135 - Suricata-Main] 2024-09-27 14:16:32 Perf: detect: Builtin MPM "toclient TCP stream": 20
[6135 - Suricata-Main] 2024-09-27 14:16:32 Perf: detect: Builtin MPM "toserver UDP packet": 41
[6135 - Suricata-Main] 2024-09-27 14:16:32 Perf: detect: Builtin MPM "toclient UDP packet": 17
[6135 - Suricata-Main] 2024-09-27 14:16:32 Perf: detect: Builtin MPM "other IP packet": 3
[6135 - Suricata-Main] 2024-09-27 14:16:32 Perf: detect: AppLayer MPM "toserver http_uri (http)": 16
[6135 - Suricata-Main] 2024-09-27 14:16:32 Perf: detect: AppLayer MPM "toserver http_uri (http2)": 16
[6135 - Suricata-Main] 2024-09-27 14:16:32 Perf: detect: AppLayer MPM "toserver http_raw_uri (http)": 4
[6135 - Suricata-Main] 2024-09-27 14:16:32 Perf: detect: AppLayer MPM "toserver http_raw_uri (http)": 2
[6135 - Suricata-Main] 2024-09-27 14:16:32 Perf: detect: AppLayer MPM "toserver http_raw_uri (http2)": 4
[6135 - Suricata-Main] 2024-09-27 14:16:32 Perf: detect: AppLayer MPM "toserver http_raw_uri (http2)": 2
[6135 - Suricata-Main] 2024-09-27 14:16:32 Perf: detect: AppLayer MPM "toserver http_request_line (http)": 8
[6135 - Suricata-Main] 2024-09-27 14:16:33 Perf: detect: AppLayer MPM "toserver http_request_line (http2)": 8
[6135 - Suricata-Main] 2024-09-27 14:16:33 Perf: detect: AppLayer MPM "toserver http_client_body (http)": 14
[6135 - Suricata-Main] 2024-09-27 14:16:33 Perf: detect: AppLayer MPM "toserver http_client_body (http2)": 14
[6135 - Suricata-Main] 2024-09-27 14:16:33 Perf: detect: AppLayer MPM "toclient http_response_line (http)": 2
[6135 - Suricata-Main] 2024-09-27 14:16:33 Perf: detect: AppLayer MPM "toclient http_response_line (http2)": 2
[6135 - Suricata-Main] 2024-09-27 14:16:33 Perf: detect: AppLayer MPM "toserver http_header (http)": 10
[6135 - Suricata-Main] 2024-09-27 14:16:33 Perf: detect: AppLayer MPM "toserver http_header (http)": 2
[6135 - Suricata-Main] 2024-09-27 14:16:33 Perf: detect: AppLayer MPM "toserver http_header (http)": 4
[6135 - Suricata-Main] 2024-09-27 14:16:33 Perf: detect: AppLayer MPM "toserver http_header (http)": 10
[6135 - Suricata-Main] 2024-09-27 14:16:33 Perf: detect: AppLayer MPM "toclient http_header (http)": 10
[6135 - Suricata-Main] 2024-09-27 14:16:33 Perf: detect: AppLayer MPM "toclient http_header (http)": 2
[6135 - Suricata-Main] 2024-09-27 14:16:33 Perf: detect: AppLayer MPM "toclient http_header (http)": 4
[6135 - Suricata-Main] 2024-09-27 14:16:33 Perf: detect: AppLayer MPM "toclient http_header (http)": 10
[6135 - Suricata-Main] 2024-09-27 14:16:33 Perf: detect: AppLayer MPM "toserver http_header (http2)": 10
[6135 - Suricata-Main] 2024-09-27 14:16:33 Perf: detect: AppLayer MPM "toserver http_header (http2)": 2
[6135 - Suricata-Main] 2024-09-27 14:16:33 Perf: detect: AppLayer MPM "toserver http_header (http2)": 4
[6135 - Suricata-Main] 2024-09-27 14:16:33 Perf: detect: AppLayer MPM "toserver http_header (http2)": 10
[6135 - Suricata-Main] 2024-09-27 14:16:33 Perf: detect: AppLayer MPM "toclient http_header (http2)": 10
[6135 - Suricata-Main] 2024-09-27 14:16:33 Perf: detect: AppLayer MPM "toclient http_header (http2)": 2
[6135 - Suricata-Main] 2024-09-27 14:16:33 Perf: detect: AppLayer MPM "toclient http_header (http2)": 4
[6135 - Suricata-Main] 2024-09-27 14:16:33 Perf: detect: AppLayer MPM "toclient http_header (http2)": 10
[6135 - Suricata-Main] 2024-09-27 14:16:33 Perf: detect: AppLayer MPM "toserver http_request_header (http2)": 2
[6135 - Suricata-Main] 2024-09-27 14:16:33 Perf: detect: AppLayer MPM "toserver http_request_header (http2)": 4
[6135 - Suricata-Main] 2024-09-27 14:16:33 Perf: detect: AppLayer MPM "toserver http_request_header (http)": 2
[6135 - Suricata-Main] 2024-09-27 14:16:33 Perf: detect: AppLayer MPM "toserver http_request_header (http)": 4
[6135 - Suricata-Main] 2024-09-27 14:16:33 Perf: detect: AppLayer MPM "toclient http_response_header (http2)": 2
[6135 - Suricata-Main] 2024-09-27 14:16:33 Perf: detect: AppLayer MPM "toclient http_response_header (http2)": 2
[6135 - Suricata-Main] 2024-09-27 14:16:33 Perf: detect: AppLayer MPM "toclient http_response_header (http2)": 2
[6135 - Suricata-Main] 2024-09-27 14:16:33 Perf: detect: AppLayer MPM "toclient http_response_header (http)": 2
[6135 - Suricata-Main] 2024-09-27 14:16:33 Perf: detect: AppLayer MPM "toclient http_response_header (http)": 2
[6135 - Suricata-Main] 2024-09-27 14:16:33 Perf: detect: AppLayer MPM "toclient http_response_header (http)": 2
[6135 - Suricata-Main] 2024-09-27 14:16:33 Perf: detect: AppLayer MPM "toserver http_header_names (http)": 11
[6135 - Suricata-Main] 2024-09-27 14:16:33 Perf: detect: AppLayer MPM "toserver http_header_names (http)": 4
[6135 - Suricata-Main] 2024-09-27 14:16:33 Perf: detect: AppLayer MPM "toserver http_header_names (http)": 8
[6135 - Suricata-Main] 2024-09-27 14:16:33 Perf: detect: AppLayer MPM "toclient http_header_names (http)": 11
[6135 - Suricata-Main] 2024-09-27 14:16:33 Perf: detect: AppLayer MPM "toclient http_header_names (http)": 4
[6135 - Suricata-Main] 2024-09-27 14:16:33 Perf: detect: AppLayer MPM "toclient http_header_names (http)": 8
[6135 - Suricata-Main] 2024-09-27 14:16:33 Perf: detect: AppLayer MPM "toserver http_header_names (http2)": 11
[6135 - Suricata-Main] 2024-09-27 14:16:33 Perf: detect: AppLayer MPM "toserver http_header_names (http2)": 4
[6135 - Suricata-Main] 2024-09-27 14:16:33 Perf: detect: AppLayer MPM "toserver http_header_names (http2)": 8
[6135 - Suricata-Main] 2024-09-27 14:16:33 Perf: detect: AppLayer MPM "toclient http_header_names (http2)": 11
[6135 - Suricata-Main] 2024-09-27 14:16:33 Perf: detect: AppLayer MPM "toclient http_header_names (http2)": 4
[6135 - Suricata-Main] 2024-09-27 14:16:33 Perf: detect: AppLayer MPM "toclient http_header_names (http2)": 8
[6135 - Suricata-Main] 2024-09-27 14:16:33 Perf: detect: AppLayer MPM "toserver http_accept (http)": 8
[6135 - Suricata-Main] 2024-09-27 14:16:33 Perf: detect: AppLayer MPM "toserver http_accept (http2)": 8
[6135 - Suricata-Main] 2024-09-27 14:16:33 Perf: detect: AppLayer MPM "toserver http_accept_enc (http)": 2
[6135 - Suricata-Main] 2024-09-27 14:16:33 Perf: detect: AppLayer MPM "toserver http_accept_enc (http2)": 2
[6135 - Suricata-Main] 2024-09-27 14:16:33 Perf: detect: AppLayer MPM "toserver http_accept_lang (http)": 2
[6135 - Suricata-Main] 2024-09-27 14:16:33 Perf: detect: AppLayer MPM "toserver http_accept_lang (http2)": 2
[6135 - Suricata-Main] 2024-09-27 14:16:33 Perf: detect: AppLayer MPM "toserver http_referer (http)": 2
[6135 - Suricata-Main] 2024-09-27 14:16:33 Perf: detect: AppLayer MPM "toserver http_referer (http2)": 2
[6135 - Suricata-Main] 2024-09-27 14:16:33 Perf: detect: AppLayer MPM "toserver http_connection (http)": 2
[6135 - Suricata-Main] 2024-09-27 14:16:33 Perf: detect: AppLayer MPM "toserver http_connection (http2)": 2
[6135 - Suricata-Main] 2024-09-27 14:16:33 Perf: detect: AppLayer MPM "toclient http_connection (http)": 2
[6135 - Suricata-Main] 2024-09-27 14:16:33 Perf: detect: AppLayer MPM "toclient http_connection (http2)": 2
[6135 - Suricata-Main] 2024-09-27 14:16:33 Perf: detect: AppLayer MPM "toserver http_content_len (http)": 4
[6135 - Suricata-Main] 2024-09-27 14:16:33 Perf: detect: AppLayer MPM "toserver http_content_len (http2)": 4
[6135 - Suricata-Main] 2024-09-27 14:16:33 Perf: detect: AppLayer MPM "toclient http_content_len (http)": 4
[6135 - Suricata-Main] 2024-09-27 14:16:33 Perf: detect: AppLayer MPM "toclient http_content_len (http2)": 4
[6135 - Suricata-Main] 2024-09-27 14:16:33 Perf: detect: AppLayer MPM "toserver http_content_type (http)": 4
[6135 - Suricata-Main] 2024-09-27 14:16:33 Perf: detect: AppLayer MPM "toserver http_content_type (http2)": 4
[6135 - Suricata-Main] 2024-09-27 14:16:33 Perf: detect: AppLayer MPM "toclient http_content_type (http)": 4
[6135 - Suricata-Main] 2024-09-27 14:16:33 Perf: detect: AppLayer MPM "toclient http_content_type (http2)": 4
[6135 - Suricata-Main] 2024-09-27 14:16:33 Perf: detect: AppLayer MPM "toclient http.server (http)": 4
[6135 - Suricata-Main] 2024-09-27 14:16:33 Perf: detect: AppLayer MPM "toclient http.server (http2)": 4
[6135 - Suricata-Main] 2024-09-27 14:16:33 Perf: detect: AppLayer MPM "toclient http.location (http)": 2
[6135 - Suricata-Main] 2024-09-27 14:16:33 Perf: detect: AppLayer MPM "toclient http.location (http2)": 2
[6135 - Suricata-Main] 2024-09-27 14:16:33 Perf: detect: AppLayer MPM "toserver http_start (http)": 6
[6135 - Suricata-Main] 2024-09-27 14:16:33 Perf: detect: AppLayer MPM "toclient http_start (http)": 6
[6135 - Suricata-Main] 2024-09-27 14:16:33 Perf: detect: AppLayer MPM "toserver http_raw_header (http)": 3
[6135 - Suricata-Main] 2024-09-27 14:16:33 Perf: detect: AppLayer MPM "toserver http_raw_header (http)": 2
[6135 - Suricata-Main] 2024-09-27 14:16:33 Perf: detect: AppLayer MPM "toserver http_raw_header (http)": 4
[6135 - Suricata-Main] 2024-09-27 14:16:33 Perf: detect: AppLayer MPM "toclient http_raw_header (http)": 3
[6135 - Suricata-Main] 2024-09-27 14:16:33 Perf: detect: AppLayer MPM "toclient http_raw_header (http)": 2
[6135 - Suricata-Main] 2024-09-27 14:16:33 Perf: detect: AppLayer MPM "toclient http_raw_header (http)": 4
[6135 - Suricata-Main] 2024-09-27 14:16:33 Perf: detect: AppLayer MPM "toserver http_raw_header (http2)": 3
[6135 - Suricata-Main] 2024-09-27 14:16:33 Perf: detect: AppLayer MPM "toserver http_raw_header (http2)": 2
[6135 - Suricata-Main] 2024-09-27 14:16:33 Perf: detect: AppLayer MPM "toserver http_raw_header (http2)": 4
[6135 - Suricata-Main] 2024-09-27 14:16:33 Perf: detect: AppLayer MPM "toclient http_raw_header (http2)": 3
[6135 - Suricata-Main] 2024-09-27 14:16:33 Perf: detect: AppLayer MPM "toclient http_raw_header (http2)": 2
[6135 - Suricata-Main] 2024-09-27 14:16:33 Perf: detect: AppLayer MPM "toclient http_raw_header (http2)": 4
[6135 - Suricata-Main] 2024-09-27 14:16:33 Perf: detect: AppLayer MPM "toserver http_method (http)": 4
[6135 - Suricata-Main] 2024-09-27 14:16:33 Perf: detect: AppLayer MPM "toserver http_method (http2)": 4
[6135 - Suricata-Main] 2024-09-27 14:16:33 Perf: detect: AppLayer MPM "toserver http_cookie (http)": 8
[6135 - Suricata-Main] 2024-09-27 14:16:33 Perf: detect: AppLayer MPM "toclient http_cookie (http)": 8
[6135 - Suricata-Main] 2024-09-27 14:16:33 Perf: detect: AppLayer MPM "toserver http_cookie (http2)": 8
[6135 - Suricata-Main] 2024-09-27 14:16:33 Perf: detect: AppLayer MPM "toclient http_cookie (http2)": 8
[6135 - Suricata-Main] 2024-09-27 14:16:33 Perf: detect: AppLayer MPM "toserver http_user_agent (http)": 15
[6135 - Suricata-Main] 2024-09-27 14:16:33 Perf: detect: AppLayer MPM "toserver http_user_agent (http2)": 15
[6135 - Suricata-Main] 2024-09-27 14:16:33 Perf: detect: AppLayer MPM "toserver http_host (http)": 2
[6135 - Suricata-Main] 2024-09-27 14:16:33 Perf: detect: AppLayer MPM "toserver http_host (http)": 4
[6135 - Suricata-Main] 2024-09-27 14:16:33 Perf: detect: AppLayer MPM "toserver http_host (http2)": 2
[6135 - Suricata-Main] 2024-09-27 14:16:33 Perf: detect: AppLayer MPM "toserver http_host (http2)": 4
[6135 - Suricata-Main] 2024-09-27 14:16:33 Perf: detect: AppLayer MPM "toserver http_raw_host (http)": 2
[6135 - Suricata-Main] 2024-09-27 14:16:33 Perf: detect: AppLayer MPM "toserver http_raw_host (http2)": 2
[6135 - Suricata-Main] 2024-09-27 14:16:33 Perf: detect: AppLayer MPM "toclient http_stat_code (http)": 4
[6135 - Suricata-Main] 2024-09-27 14:16:33 Perf: detect: AppLayer MPM "toclient http_stat_code (http2)": 4
[6135 - Suricata-Main] 2024-09-27 14:16:33 Perf: detect: AppLayer MPM "toserver dns_query (dns)": 2
[6135 - Suricata-Main] 2024-09-27 14:16:33 Perf: detect: AppLayer MPM "toserver dns_query (dns)": 1
[6135 - Suricata-Main] 2024-09-27 14:16:33 Perf: detect: AppLayer MPM "toserver tls.sni (tls)": 2
[6135 - Suricata-Main] 2024-09-27 14:16:33 Perf: detect: AppLayer MPM "toserver tls.sni (tls)": 1
[6135 - Suricata-Main] 2024-09-27 14:16:33 Perf: detect: AppLayer MPM "toserver tls.cert_issuer (tls)": 6
[6135 - Suricata-Main] 2024-09-27 14:16:33 Perf: detect: AppLayer MPM "toclient tls.cert_issuer (tls)": 6
[6135 - Suricata-Main] 2024-09-27 14:16:33 Perf: detect: AppLayer MPM "toserver tls.cert_subject (tls)": 4
[6135 - Suricata-Main] 2024-09-27 14:16:33 Perf: detect: AppLayer MPM "toclient tls.cert_subject (tls)": 4
[6135 - Suricata-Main] 2024-09-27 14:16:33 Perf: detect: AppLayer MPM "toclient tls.cert_serial (tls)": 2
[6135 - Suricata-Main] 2024-09-27 14:16:33 Perf: detect: AppLayer MPM "toserver tls.cert_serial (tls)": 2
[6135 - Suricata-Main] 2024-09-27 14:16:33 Perf: detect: AppLayer MPM "toclient tls.certs (tls)": 2
[6135 - Suricata-Main] 2024-09-27 14:16:33 Perf: detect: AppLayer MPM "toserver tls.certs (tls)": 2
[6135 - Suricata-Main] 2024-09-27 14:16:33 Perf: detect: AppLayer MPM "toserver ja3.hash (tls)": 2
[6135 - Suricata-Main] 2024-09-27 14:16:33 Perf: detect: AppLayer MPM "toserver ja3.hash (quic)": 2
[6135 - Suricata-Main] 2024-09-27 14:16:33 Perf: detect: AppLayer MPM "toclient ja3s.hash (tls)": 1
[6135 - Suricata-Main] 2024-09-27 14:16:33 Perf: detect: AppLayer MPM "toclient ja3s.hash (quic)": 1
[6135 - Suricata-Main] 2024-09-27 14:16:33 Perf: detect: AppLayer MPM "toserver ssh.proto (ssh)": 1
[6135 - Suricata-Main] 2024-09-27 14:16:33 Perf: detect: AppLayer MPM "toclient ssh.proto (ssh)": 1
[6135 - Suricata-Main] 2024-09-27 14:16:33 Perf: detect: AppLayer MPM "toclient file_data (nfs)": 18
[6135 - Suricata-Main] 2024-09-27 14:16:33 Perf: detect: AppLayer MPM "toserver file_data (nfs)": 18
[6135 - Suricata-Main] 2024-09-27 14:16:33 Perf: detect: AppLayer MPM "toclient file_data (smb)": 18
[6135 - Suricata-Main] 2024-09-27 14:16:33 Perf: detect: AppLayer MPM "toserver file_data (smb)": 18
[6135 - Suricata-Main] 2024-09-27 14:16:33 Perf: detect: AppLayer MPM "toclient file_data (ftp)": 18
[6135 - Suricata-Main] 2024-09-27 14:16:33 Perf: detect: AppLayer MPM "toserver file_data (ftp)": 18
[6135 - Suricata-Main] 2024-09-27 14:16:33 Perf: detect: AppLayer MPM "toclient file_data (ftp-data)": 18
[6135 - Suricata-Main] 2024-09-27 14:16:33 Perf: detect: AppLayer MPM "toserver file_data (ftp-data)": 18
[6135 - Suricata-Main] 2024-09-27 14:16:33 Perf: detect: AppLayer MPM "toclient file_data (http)": 18
[6135 - Suricata-Main] 2024-09-27 14:16:33 Perf: detect: AppLayer MPM "toserver file_data (http)": 18
[6135 - Suricata-Main] 2024-09-27 14:16:33 Perf: detect: AppLayer MPM "toclient file_data (http2)": 18
[6135 - Suricata-Main] 2024-09-27 14:16:33 Perf: detect: AppLayer MPM "toserver file_data (http2)": 18
[6135 - Suricata-Main] 2024-09-27 14:16:33 Perf: detect: AppLayer MPM "toserver file_data (smtp)": 18
[6135 - Suricata-Main] 2024-09-27 14:16:33 Perf: detect: Pkt MPM "icmpv6.hdr": 1
[6135 - Suricata-Main] 2024-09-27 14:16:33 Perf: detect: Pkt MPM "ipv6.hdr": 1
[6135 - Suricata-Main] 2024-09-27 14:16:40 Config: af-packet: enp0s1: enabling tpacket v3
[6135 - Suricata-Main] 2024-09-27 14:16:40 Config: af-packet: enp0s1: using flow cluster mode for AF_PACKET
[6135 - Suricata-Main] 2024-09-27 14:16:40 Config: af-packet: enp0s1: using defrag kernel functionality for AF_PACKET
[6135 - Suricata-Main] 2024-09-27 14:16:40 Perf: af-packet: enp0s1: cluster_flow: 1 cores, using 1 threads
[6135 - Suricata-Main] 2024-09-27 14:16:40 Perf: ioctl: enp0s1: disabling gro offloading
[6135 - Suricata-Main] 2024-09-27 14:16:40 Perf: ioctl: enp0s1: disabling tso offloading
[6135 - Suricata-Main] 2024-09-27 14:16:40 Perf: ioctl: enp0s1: disabling gso offloading
[6135 - Suricata-Main] 2024-09-27 14:16:40 Perf: ioctl: enp0s1: disabling sg offloading
[6135 - Suricata-Main] 2024-09-27 14:16:40 Info: runmodes: enp0s1: creating 1 thread
[6135 - Suricata-Main] 2024-09-27 14:16:40 Config: flow-manager: using 1 flow manager threads
[6135 - Suricata-Main] 2024-09-27 14:16:40 Config: flow-manager: using 1 flow recycler threads
[6135 - Suricata-Main] 2024-09-27 14:16:40 Info: unix-manager: unix socket '/var/run/suricata/suricata-command.socket'
[6142 - W#01-enp0s1] 2024-09-27 14:16:40 Perf: af-packet: enp0s1: rx ring params: block_size=32768 block_nr=103 frame_size=1616 frame_nr=2060 (mem: 3375104)
[6135 - Suricata-Main] 2024-09-27 14:16:41 Notice: threads: Threads created -> W: 1 FM: 1 FR: 1   Engine started.
